# JRE version: Java(TM) SE Runtime Environment (23.0.1+11) (build 23.0.1+11-39)
# Java VM: Java HotSpot(TM) 64-Bit Server VM (23.0.1+11-39, mixed mode, emulated-client, sharing, tiered, compressed oops, compressed class ptrs, g1 gc, windows-amd64)
GC Precious Log:
 CardTable entry size: 512
 Card Set container configuration: InlinePtr #cards 5 size 8 Array Of Cards #cards 10 size 36 Howl #buckets 4 coarsen threshold 1843 Howl Bitmap #cards 512 size 80 coarsen threshold 460 Card regions per heap region 1 cards per card region 2048
 CPUs: 12 total, 12 available
 Memory: 8013M
 Large Page Support: Disabled
 NUMA Support: Disabled
 Compressed Oops: Enabled (32-bit)
 Heap Region Size: 1M
 Heap Min Capacity: 8M
 Heap Initial Capacity: 126M
 Heap Max Capacity: 2004M
 Pre-touch: Disabled
 Parallel Workers: 10
 Concurrent Workers: 3
 Concurrent Refinement Workers: 10
 Periodic GC: Disabled
Heap:
 garbage-first heap   total reserved 2052096K, committed 104448K, used 81251K [0x0000000082c00000, 0x0000000100000000)
  region size 1024K, 45 young (46080K), 7 survivors (7168K)
 Metaspace       used 74729K, committed 75584K, reserved 1114112K
  class space    used 11114K, committed 11456K, reserved 1048576K
GC Heap History (20 events):
Event: 2.919 GC heap after
{Heap after GC invocations=6 (full 0):
 garbage-first heap   total reserved 2052096K, committed 87040K, used 24939K [0x0000000082c00000, 0x0000000100000000)
  region size 1024K, 8 young (8192K), 8 survivors (8192K)
 Metaspace       used 28015K, committed 28416K, reserved 1114112K
  class space    used 4034K, committed 4224K, reserved 1048576K
}
Event: 3.395 GC heap before
{Heap before GC invocations=6 (full 0):
 garbage-first heap   total reserved 2052096K, committed 87040K, used 69995K [0x0000000082c00000, 0x0000000100000000)
  region size 1024K, 47 young (48128K), 8 survivors (8192K)
 Metaspace       used 31972K, committed 32448K, reserved 1114112K
  class space    used 4599K, committed 4800K, reserved 1048576K
}
Event: 3.402 GC heap after
{Heap after GC invocations=7 (full 0):
 garbage-first heap   total reserved 2052096K, committed 87040K, used 33265K [0x0000000082c00000, 0x0000000100000000)
  region size 1024K, 6 young (6144K), 6 survivors (6144K)
 Metaspace       used 31972K, committed 32448K, reserved 1114112K
  class space    used 4599K, committed 4800K, reserved 1048576K
}
Event: 3.865 GC heap before
{Heap before GC invocations=7 (full 0):
 garbage-first heap   total reserved 2052096K, committed 87040K, used 69105K [0x0000000082c00000, 0x0000000100000000)
  region size 1024K, 40 young (40960K), 6 survivors (6144K)
 Metaspace       used 35264K, committed 35840K, reserved 1114112K
  class space    used 5051K, committed 5312K, reserved 1048576K
}
Event: 3.870 GC heap after
{Heap after GC invocations=8 (full 0):
 garbage-first heap   total reserved 2052096K, committed 87040K, used 32070K [0x0000000082c00000, 0x0000000100000000)
  region size 1024K, 3 young (3072K), 3 survivors (3072K)
 Metaspace       used 35264K, committed 35840K, reserved 1114112K
  class space    used 5051K, committed 5312K, reserved 1048576K
}
Event: 3.923 GC heap before
{Heap before GC invocations=8 (full 0):
 garbage-first heap   total reserved 2052096K, committed 87040K, used 38214K [0x0000000082c00000, 0x0000000100000000)
  region size 1024K, 10 young (10240K), 3 survivors (3072K)
 Metaspace       used 35449K, committed 35968K, reserved 1114112K
  class space    used 5076K, committed 5312K, reserved 1048576K
}
Event: 3.926 GC heap after
{Heap after GC invocations=9 (full 0):
 garbage-first heap   total reserved 2052096K, committed 87040K, used 32019K [0x0000000082c00000, 0x0000000100000000)
  region size 1024K, 3 young (3072K), 3 survivors (3072K)
 Metaspace       used 35449K, committed 35968K, reserved 1114112K
  class space    used 5076K, committed 5312K, reserved 1048576K
}
Event: 4.789 GC heap before
{Heap before GC invocations=10 (full 0):
 garbage-first heap   total reserved 2052096K, committed 87040K, used 69044K [0x0000000082c00000, 0x0000000100000000)
  region size 1024K, 41 young (41984K), 3 survivors (3072K)
 Metaspace       used 45589K, committed 46144K, reserved 1114112K
  class space    used 6562K, committed 6784K, reserved 1048576K
}
Event: 4.793 GC heap after
{Heap after GC invocations=11 (full 0):
 garbage-first heap   total reserved 2052096K, committed 87040K, used 32186K [0x0000000082c00000, 0x0000000100000000)
  region size 1024K, 5 young (5120K), 5 survivors (5120K)
 Metaspace       used 45589K, committed 46144K, reserved 1114112K
  class space    used 6562K, committed 6784K, reserved 1048576K
}
Event: 5.568 GC heap before
{Heap before GC invocations=11 (full 0):
 garbage-first heap   total reserved 2052096K, committed 87040K, used 71098K [0x0000000082c00000, 0x0000000100000000)
  region size 1024K, 44 young (45056K), 5 survivors (5120K)
 Metaspace       used 55990K, committed 56640K, reserved 1114112K
  class space    used 8201K, committed 8512K, reserved 1048576K
}
Event: 5.574 GC heap after
{Heap after GC invocations=12 (full 0):
 garbage-first heap   total reserved 2052096K, committed 87040K, used 33560K [0x0000000082c00000, 0x0000000100000000)
  region size 1024K, 5 young (5120K), 5 survivors (5120K)
 Metaspace       used 55990K, committed 56640K, reserved 1114112K
  class space    used 8201K, committed 8512K, reserved 1048576K
}
Event: 5.953 GC heap before
{Heap before GC invocations=12 (full 0):
 garbage-first heap   total reserved 2052096K, committed 87040K, used 48920K [0x0000000082c00000, 0x0000000100000000)
  region size 1024K, 21 young (21504K), 5 survivors (5120K)
 Metaspace       used 59468K, committed 60160K, reserved 1114112K
  class space    used 8765K, committed 9088K, reserved 1048576K
}
Event: 5.960 GC heap after
{Heap after GC invocations=13 (full 0):
 garbage-first heap   total reserved 2052096K, committed 87040K, used 34685K [0x0000000082c00000, 0x0000000100000000)
  region size 1024K, 4 young (4096K), 4 survivors (4096K)
 Metaspace       used 59468K, committed 60160K, reserved 1114112K
  class space    used 8765K, committed 9088K, reserved 1048576K
}
Event: 6.492 GC heap before
{Heap before GC invocations=14 (full 0):
 garbage-first heap   total reserved 2052096K, committed 87040K, used 75645K [0x0000000082c00000, 0x0000000100000000)
  region size 1024K, 44 young (45056K), 4 survivors (4096K)
 Metaspace       used 63302K, committed 64000K, reserved 1114112K
  class space    used 9357K, committed 9664K, reserved 1048576K
}
Event: 6.497 GC heap after
{Heap after GC invocations=15 (full 0):
 garbage-first heap   total reserved 2052096K, committed 104448K, used 37727K [0x0000000082c00000, 0x0000000100000000)
  region size 1024K, 6 young (6144K), 6 survivors (6144K)
 Metaspace       used 63302K, committed 64000K, reserved 1114112K
  class space    used 9357K, committed 9664K, reserved 1048576K
}
Event: 7.023 GC heap before
{Heap before GC invocations=15 (full 0):
 garbage-first heap   total reserved 2052096K, committed 104448K, used 89951K [0x0000000082c00000, 0x0000000100000000)
  region size 1024K, 57 young (58368K), 6 survivors (6144K)
 Metaspace       used 65537K, committed 66304K, reserved 1114112K
  class space    used 9729K, committed 10048K, reserved 1048576K
}
Event: 7.030 GC heap after
{Heap after GC invocations=16 (full 0):
 garbage-first heap   total reserved 2052096K, committed 104448K, used 40897K [0x0000000082c00000, 0x0000000100000000)
  region size 1024K, 8 young (8192K), 8 survivors (8192K)
 Metaspace       used 65537K, committed 66304K, reserved 1114112K
  class space    used 9729K, committed 10048K, reserved 1048576K
}
Event: 7.656 GC heap before
{Heap before GC invocations=16 (full 0):
 garbage-first heap   total reserved 2052096K, committed 104448K, used 89025K [0x0000000082c00000, 0x0000000100000000)
  region size 1024K, 55 young (56320K), 8 survivors (8192K)
 Metaspace       used 70323K, committed 71168K, reserved 1114112K
  class space    used 10428K, committed 10752K, reserved 1048576K
}
Event: 7.663 GC heap after
{Heap after GC invocations=17 (full 0):
 garbage-first heap   total reserved 2052096K, committed 104448K, used 44387K [0x0000000082c00000, 0x0000000100000000)
  region size 1024K, 7 young (7168K), 7 survivors (7168K)
 Metaspace       used 70323K, committed 71168K, reserved 1114112K
  class space    used 10428K, committed 10752K, reserved 1048576K
}
Event: 206.832 GC heap before
{Heap before GC invocations=17 (full 0):
 garbage-first heap   total reserved 2052096K, committed 104448K, used 81251K [0x0000000082c00000, 0x0000000100000000)
  region size 1024K, 45 young (46080K), 7 survivors (7168K)
 Metaspace       used 74729K, committed 75584K, reserved 1114112K
  class space    used 11114K, committed 11456K, reserved 1048576K
}

